<?xml version="1.0" encoding="UTF-8"?>
<coverage generated="1770325936">
  <project timestamp="1770325936">
    <file name="/home/runner/work/wp-module-sso/wp-module-sso/bootstrap.php">
      <line num="7" type="stmt" count="0"/>
      <line num="8" type="stmt" count="0"/>
      <line num="9" type="stmt" count="0"/>
      <line num="13" type="stmt" count="0"/>
      <line num="14" type="stmt" count="0"/>
      <line num="16" type="stmt" count="0"/>
      <line num="17" type="stmt" count="0"/>
      <line num="18" type="stmt" count="0"/>
      <line num="19" type="stmt" count="0"/>
      <line num="20" type="stmt" count="0"/>
      <line num="22" type="stmt" count="0"/>
      <line num="23" type="stmt" count="0"/>
      <line num="26" type="stmt" count="0"/>
      <line num="27" type="stmt" count="0"/>
      <line num="28" type="stmt" count="0"/>
      <line num="29" type="stmt" count="0"/>
      <line num="30" type="stmt" count="0"/>
      <line num="31" type="stmt" count="0"/>
      <line num="33" type="stmt" count="0"/>
      <line num="34" type="stmt" count="0"/>
      <metrics loc="37" ncloc="35" classes="0" methods="0" coveredmethods="0" conditionals="0" coveredconditionals="0" statements="20" coveredstatements="0" elements="20" coveredelements="0"/>
    </file>
    <file name="/home/runner/work/wp-module-sso/wp-module-sso/includes/SSO_AJAX_Handler.php">
      <class name="NewfoldLabs\WP\Module\SSO\SSO_AJAX_Handler" namespace="global">
        <metrics complexity="4" methods="3" coveredmethods="0" conditionals="0" coveredconditionals="0" statements="11" coveredstatements="0" elements="14" coveredelements="0"/>
      </class>
      <line num="10" type="method" name="__construct" visibility="public" complexity="2" crap="6" count="0"/>
      <line num="12" type="stmt" count="0"/>
      <line num="13" type="stmt" count="0"/>
      <line num="14" type="stmt" count="0"/>
      <line num="15" type="stmt" count="0"/>
      <line num="17" type="stmt" count="0"/>
      <line num="18" type="stmt" count="0"/>
      <line num="19" type="stmt" count="0"/>
      <line num="27" type="method" name="login" visibility="public" complexity="1" crap="2" count="0"/>
      <line num="28" type="stmt" count="0"/>
      <line num="34" type="method" name="legacyLogin" visibility="public" complexity="1" crap="2" count="0"/>
      <line num="36" type="stmt" count="0"/>
      <line num="37" type="stmt" count="0"/>
      <line num="39" type="stmt" count="0"/>
      <metrics loc="43" ncloc="34" classes="1" methods="3" coveredmethods="0" conditionals="0" coveredconditionals="0" statements="11" coveredstatements="0" elements="14" coveredelements="0"/>
    </file>
    <file name="/home/runner/work/wp-module-sso/wp-module-sso/includes/SSO_CLI.php">
      <class name="NewfoldLabs\WP\Module\SSO\SSO_CLI" namespace="global">
        <metrics complexity="44" methods="13" coveredmethods="0" conditionals="0" coveredconditionals="0" statements="104" coveredstatements="0" elements="117" coveredelements="0"/>
      </class>
      <line num="50" type="method" name="__invoke" visibility="public" complexity="2" crap="6" count="0"/>
      <line num="52" type="stmt" count="0"/>
      <line num="54" type="stmt" count="0"/>
      <line num="55" type="stmt" count="0"/>
      <line num="56" type="stmt" count="0"/>
      <line num="57" type="stmt" count="0"/>
      <line num="58" type="stmt" count="0"/>
      <line num="59" type="stmt" count="0"/>
      <line num="60" type="stmt" count="0"/>
      <line num="61" type="stmt" count="0"/>
      <line num="63" type="stmt" count="0"/>
      <line num="64" type="stmt" count="0"/>
      <line num="65" type="stmt" count="0"/>
      <line num="66" type="stmt" count="0"/>
      <line num="67" type="stmt" count="0"/>
      <line num="69" type="stmt" count="0"/>
      <line num="71" type="stmt" count="0"/>
      <line num="72" type="stmt" count="0"/>
      <line num="75" type="stmt" count="0"/>
      <line num="76" type="stmt" count="0"/>
      <line num="88" type="method" name="build_request_params" visibility="protected" complexity="12" crap="156" count="0"/>
      <line num="89" type="stmt" count="0"/>
      <line num="90" type="stmt" count="0"/>
      <line num="91" type="stmt" count="0"/>
      <line num="92" type="stmt" count="0"/>
      <line num="93" type="stmt" count="0"/>
      <line num="94" type="stmt" count="0"/>
      <line num="95" type="stmt" count="0"/>
      <line num="96" type="stmt" count="0"/>
      <line num="97" type="stmt" count="0"/>
      <line num="98" type="stmt" count="0"/>
      <line num="102" type="stmt" count="0"/>
      <line num="103" type="stmt" count="0"/>
      <line num="104" type="stmt" count="0"/>
      <line num="105" type="stmt" count="0"/>
      <line num="109" type="stmt" count="0"/>
      <line num="110" type="stmt" count="0"/>
      <line num="111" type="stmt" count="0"/>
      <line num="112" type="stmt" count="0"/>
      <line num="116" type="stmt" count="0"/>
      <line num="117" type="stmt" count="0"/>
      <line num="118" type="stmt" count="0"/>
      <line num="119" type="stmt" count="0"/>
      <line num="123" type="stmt" count="0"/>
      <line num="124" type="stmt" count="0"/>
      <line num="128" type="stmt" count="0"/>
      <line num="134" type="method" name="create_salt_nonce_and_hash" visibility="protected" complexity="1" crap="2" count="0"/>
      <line num="135" type="stmt" count="0"/>
      <line num="136" type="stmt" count="0"/>
      <line num="137" type="stmt" count="0"/>
      <line num="138" type="stmt" count="0"/>
      <line num="139" type="stmt" count="0"/>
      <line num="140" type="stmt" count="0"/>
      <line num="141" type="stmt" count="0"/>
      <line num="159" type="method" name="table" visibility="protected" complexity="4" crap="20" count="0"/>
      <line num="160" type="stmt" count="0"/>
      <line num="161" type="stmt" count="0"/>
      <line num="164" type="stmt" count="0"/>
      <line num="165" type="stmt" count="0"/>
      <line num="166" type="stmt" count="0"/>
      <line num="168" type="stmt" count="0"/>
      <line num="169" type="stmt" count="0"/>
      <line num="170" type="stmt" count="0"/>
      <line num="171" type="stmt" count="0"/>
      <line num="172" type="stmt" count="0"/>
      <line num="173" type="stmt" count="0"/>
      <line num="177" type="stmt" count="0"/>
      <line num="186" type="method" name="bold_heading" visibility="protected" complexity="1" crap="2" count="0"/>
      <line num="187" type="stmt" count="0"/>
      <line num="195" type="method" name="success" visibility="protected" complexity="2" crap="6" count="0"/>
      <line num="196" type="stmt" count="0"/>
      <line num="197" type="stmt" count="0"/>
      <line num="205" type="method" name="info" visibility="protected" complexity="1" crap="2" count="0"/>
      <line num="206" type="stmt" count="0"/>
      <line num="214" type="method" name="warning" visibility="protected" complexity="1" crap="2" count="0"/>
      <line num="215" type="stmt" count="0"/>
      <line num="228" type="method" name="error" visibility="protected" complexity="3" crap="12" count="0"/>
      <line num="229" type="stmt" count="0"/>
      <line num="230" type="stmt" count="0"/>
      <line num="231" type="stmt" count="0"/>
      <line num="232" type="stmt" count="0"/>
      <line num="244" type="method" name="colorize_log" visibility="protected" complexity="5" crap="30" count="0"/>
      <line num="245" type="stmt" count="0"/>
      <line num="246" type="stmt" count="0"/>
      <line num="249" type="stmt" count="0"/>
      <line num="250" type="stmt" count="0"/>
      <line num="253" type="stmt" count="0"/>
      <line num="254" type="stmt" count="0"/>
      <line num="257" type="stmt" count="0"/>
      <line num="263" type="method" name="new_line" visibility="protected" complexity="1" crap="2" count="0"/>
      <line num="264" type="stmt" count="0"/>
      <line num="272" type="method" name="log_to_json" visibility="protected" complexity="3" crap="12" count="0"/>
      <line num="273" type="stmt" count="0"/>
      <line num="274" type="stmt" count="0"/>
      <line num="275" type="stmt" count="0"/>
      <line num="276" type="stmt" count="0"/>
      <line num="278" type="stmt" count="0"/>
      <line num="290" type="method" name="confirm" visibility="protected" complexity="8" crap="72" count="0"/>
      <line num="292" type="stmt" count="0"/>
      <line num="293" type="stmt" count="0"/>
      <line num="294" type="stmt" count="0"/>
      <line num="295" type="stmt" count="0"/>
      <line num="296" type="stmt" count="0"/>
      <line num="297" type="stmt" count="0"/>
      <line num="298" type="stmt" count="0"/>
      <line num="299" type="stmt" count="0"/>
      <line num="300" type="stmt" count="0"/>
      <line num="301" type="stmt" count="0"/>
      <line num="302" type="stmt" count="0"/>
      <line num="303" type="stmt" count="0"/>
      <line num="304" type="stmt" count="0"/>
      <line num="305" type="stmt" count="0"/>
      <line num="306" type="stmt" count="0"/>
      <line num="307" type="stmt" count="0"/>
      <line num="309" type="stmt" count="0"/>
      <line num="310" type="stmt" count="0"/>
      <metrics loc="314" ncloc="203" classes="1" methods="13" coveredmethods="0" conditionals="0" coveredconditionals="0" statements="104" coveredstatements="0" elements="117" coveredelements="0"/>
    </file>
    <file name="/home/runner/work/wp-module-sso/wp-module-sso/includes/SSO_Helpers.php">
      <class name="NewfoldLabs\WP\Module\SSO\SSO_Helpers" namespace="global">
        <metrics complexity="29" methods="11" coveredmethods="5" conditionals="0" coveredconditionals="0" statements="83" coveredstatements="36" elements="94" coveredelements="41"/>
      </class>
      <line num="24" type="method" name="generateToken" visibility="public" complexity="1" crap="1" count="4"/>
      <line num="25" type="stmt" count="4"/>
      <line num="26" type="stmt" count="4"/>
      <line num="27" type="stmt" count="4"/>
      <line num="28" type="stmt" count="4"/>
      <line num="29" type="stmt" count="4"/>
      <line num="30" type="stmt" count="4"/>
      <line num="31" type="stmt" count="4"/>
      <line num="32" type="stmt" count="4"/>
      <line num="33" type="stmt" count="4"/>
      <line num="34" type="stmt" count="4"/>
      <line num="42" type="method" name="saveToken" visibility="public" complexity="1" crap="1" count="3"/>
      <line num="43" type="stmt" count="3"/>
      <line num="53" type="method" name="validateToken" visibility="public" complexity="7" crap="7.48" count="2"/>
      <line num="56" type="stmt" count="2"/>
      <line num="59" type="stmt" count="2"/>
      <line num="60" type="stmt" count="2"/>
      <line num="61" type="stmt" count="1"/>
      <line num="64" type="stmt" count="1"/>
      <line num="65" type="stmt" count="1"/>
      <line num="66" type="stmt" count="0"/>
      <line num="70" type="stmt" count="1"/>
      <line num="71" type="stmt" count="1"/>
      <line num="72" type="stmt" count="0"/>
      <line num="76" type="stmt" count="1"/>
      <line num="77" type="stmt" count="1"/>
      <line num="78" type="stmt" count="0"/>
      <line num="82" type="stmt" count="1"/>
      <line num="92" type="method" name="getUserIdFromToken" visibility="public" complexity="1" crap="1" count="3"/>
      <line num="93" type="stmt" count="3"/>
      <line num="95" type="stmt" count="3"/>
      <line num="105" type="method" name="getUserFromToken" visibility="public" complexity="1" crap="1" count="1"/>
      <line num="106" type="stmt" count="1"/>
      <line num="112" type="method" name="logFailure" visibility="public" complexity="1" crap="2" count="0"/>
      <line num="113" type="stmt" count="0"/>
      <line num="114" type="stmt" count="0"/>
      <line num="115" type="stmt" count="0"/>
      <line num="123" type="method" name="shouldThrottle" visibility="public" complexity="1" crap="1" count="1"/>
      <line num="124" type="stmt" count="1"/>
      <line num="130" type="method" name="triggerFailure" visibility="public" complexity="2" crap="6" count="0"/>
      <line num="132" type="stmt" count="0"/>
      <line num="135" type="stmt" count="0"/>
      <line num="136" type="stmt" count="0"/>
      <line num="139" type="stmt" count="0"/>
      <line num="141" type="stmt" count="0"/>
      <line num="142" type="stmt" count="0"/>
      <line num="151" type="method" name="triggerSuccess" visibility="public" complexity="2" crap="6" count="0"/>
      <line num="153" type="stmt" count="0"/>
      <line num="154" type="stmt" count="0"/>
      <line num="155" type="stmt" count="0"/>
      <line num="157" type="stmt" count="0"/>
      <line num="160" type="stmt" count="0"/>
      <line num="161" type="stmt" count="0"/>
      <line num="164" type="stmt" count="0"/>
      <line num="167" type="stmt" count="0"/>
      <line num="169" type="stmt" count="0"/>
      <line num="170" type="stmt" count="0"/>
      <line num="179" type="method" name="getSuccessUrl" visibility="public" complexity="8" crap="20.70" count="1"/>
      <line num="180" type="stmt" count="1"/>
      <line num="182" type="stmt" count="1"/>
      <line num="184" type="stmt" count="1"/>
      <line num="185" type="stmt" count="1"/>
      <line num="186" type="stmt" count="1"/>
      <line num="187" type="stmt" count="0"/>
      <line num="188" type="stmt" count="0"/>
      <line num="192" type="stmt" count="1"/>
      <line num="193" type="stmt" count="0"/>
      <line num="195" type="stmt" count="0"/>
      <line num="196" type="stmt" count="0"/>
      <line num="197" type="stmt" count="0"/>
      <line num="198" type="stmt" count="0"/>
      <line num="199" type="stmt" count="0"/>
      <line num="200" type="stmt" count="0"/>
      <line num="201" type="stmt" count="0"/>
      <line num="204" type="stmt" count="0"/>
      <line num="205" type="stmt" count="0"/>
      <line num="206" type="stmt" count="0"/>
      <line num="212" type="stmt" count="1"/>
      <line num="213" type="stmt" count="1"/>
      <line num="217" type="stmt" count="1"/>
      <line num="218" type="stmt" count="0"/>
      <line num="221" type="stmt" count="1"/>
      <line num="229" type="method" name="handleLogin" visibility="public" complexity="4" crap="20" count="0"/>
      <line num="232" type="stmt" count="0"/>
      <line num="233" type="stmt" count="0"/>
      <line num="234" type="stmt" count="0"/>
      <line num="238" type="stmt" count="0"/>
      <line num="239" type="stmt" count="0"/>
      <line num="240" type="stmt" count="0"/>
      <line num="243" type="stmt" count="0"/>
      <line num="246" type="stmt" count="0"/>
      <line num="247" type="stmt" count="0"/>
      <line num="248" type="stmt" count="0"/>
      <line num="251" type="stmt" count="0"/>
      <metrics loc="256" ncloc="178" classes="1" methods="11" coveredmethods="5" conditionals="0" coveredconditionals="0" statements="83" coveredstatements="36" elements="94" coveredelements="41"/>
    </file>
    <file name="/home/runner/work/wp-module-sso/wp-module-sso/includes/SSO_Helpers_Legacy.php">
      <class name="NewfoldLabs\WP\Module\SSO\SSO_Helpers_Legacy" namespace="global">
        <metrics complexity="17" methods="2" coveredmethods="0" conditionals="0" coveredconditionals="0" statements="39" coveredstatements="0" elements="41" coveredelements="0"/>
      </class>
      <line num="17" type="method" name="handleLegacyLogin" visibility="public" complexity="10" crap="110" count="0"/>
      <line num="20" type="stmt" count="0"/>
      <line num="21" type="stmt" count="0"/>
      <line num="22" type="stmt" count="0"/>
      <line num="25" type="stmt" count="0"/>
      <line num="26" type="stmt" count="0"/>
      <line num="29" type="stmt" count="0"/>
      <line num="30" type="stmt" count="0"/>
      <line num="31" type="stmt" count="0"/>
      <line num="35" type="stmt" count="0"/>
      <line num="36" type="stmt" count="0"/>
      <line num="37" type="stmt" count="0"/>
      <line num="38" type="stmt" count="0"/>
      <line num="42" type="stmt" count="0"/>
      <line num="43" type="stmt" count="0"/>
      <line num="44" type="stmt" count="0"/>
      <line num="45" type="stmt" count="0"/>
      <line num="46" type="stmt" count="0"/>
      <line num="48" type="stmt" count="0"/>
      <line num="49" type="stmt" count="0"/>
      <line num="50" type="stmt" count="0"/>
      <line num="54" type="stmt" count="0"/>
      <line num="62" type="method" name="getUser" visibility="public" complexity="7" crap="56" count="0"/>
      <line num="63" type="stmt" count="0"/>
      <line num="65" type="stmt" count="0"/>
      <line num="67" type="stmt" count="0"/>
      <line num="68" type="stmt" count="0"/>
      <line num="69" type="stmt" count="0"/>
      <line num="71" type="stmt" count="0"/>
      <line num="72" type="stmt" count="0"/>
      <line num="73" type="stmt" count="0"/>
      <line num="79" type="stmt" count="0"/>
      <line num="80" type="stmt" count="0"/>
      <line num="81" type="stmt" count="0"/>
      <line num="82" type="stmt" count="0"/>
      <line num="83" type="stmt" count="0"/>
      <line num="84" type="stmt" count="0"/>
      <line num="85" type="stmt" count="0"/>
      <line num="86" type="stmt" count="0"/>
      <line num="87" type="stmt" count="0"/>
      <line num="91" type="stmt" count="0"/>
      <metrics loc="94" ncloc="75" classes="1" methods="2" coveredmethods="0" conditionals="0" coveredconditionals="0" statements="39" coveredstatements="0" elements="41" coveredelements="0"/>
    </file>
    <file name="/home/runner/work/wp-module-sso/wp-module-sso/includes/SSO_REST_Controller.php">
      <class name="NewfoldLabs\WP\Module\SSO\SSO_REST_Controller" namespace="global">
        <metrics complexity="4" methods="3" coveredmethods="2" conditionals="0" coveredconditionals="0" statements="23" coveredstatements="14" elements="26" coveredelements="16"/>
      </class>
      <line num="17" type="method" name="register_routes" visibility="public" complexity="1" crap="1" count="3"/>
      <line num="19" type="stmt" count="3"/>
      <line num="20" type="stmt" count="3"/>
      <line num="21" type="stmt" count="3"/>
      <line num="22" type="stmt" count="3"/>
      <line num="23" type="stmt" count="3"/>
      <line num="24" type="stmt" count="3"/>
      <line num="25" type="stmt" count="3"/>
      <line num="26" type="stmt" count="3"/>
      <line num="27" type="stmt" count="3"/>
      <line num="28" type="stmt" count="3"/>
      <line num="29" type="stmt" count="3"/>
      <line num="40" type="method" name="get_item" visibility="public" complexity="1" crap="2" count="0"/>
      <line num="43" type="stmt" count="0"/>
      <line num="46" type="stmt" count="0"/>
      <line num="48" type="stmt" count="0"/>
      <line num="49" type="stmt" count="0"/>
      <line num="50" type="stmt" count="0"/>
      <line num="51" type="stmt" count="0"/>
      <line num="52" type="stmt" count="0"/>
      <line num="53" type="stmt" count="0"/>
      <line num="56" type="stmt" count="0"/>
      <line num="65" type="method" name="check_permission" visibility="public" complexity="2" crap="2" count="2"/>
      <line num="68" type="stmt" count="2"/>
      <line num="69" type="stmt" count="1"/>
      <line num="72" type="stmt" count="1"/>
      <metrics loc="76" ncloc="52" classes="1" methods="3" coveredmethods="2" conditionals="0" coveredconditionals="0" statements="23" coveredstatements="14" elements="26" coveredelements="16"/>
    </file>
    <file name="/home/runner/work/wp-module-sso/wp-module-sso/sso.php">
      <line num="8" type="stmt" count="0"/>
      <line num="9" type="stmt" count="0"/>
      <line num="10" type="stmt" count="0"/>
      <line num="11" type="stmt" count="0"/>
      <line num="12" type="stmt" count="0"/>
      <line num="13" type="stmt" count="0"/>
      <line num="14" type="stmt" count="0"/>
      <line num="16" type="stmt" count="0"/>
      <line num="17" type="stmt" count="0"/>
      <line num="18" type="stmt" count="0"/>
      <line num="19" type="stmt" count="0"/>
      <line num="20" type="stmt" count="0"/>
      <line num="21" type="stmt" count="0"/>
      <line num="22" type="stmt" count="0"/>
      <line num="23" type="stmt" count="0"/>
      <line num="24" type="stmt" count="0"/>
      <line num="25" type="stmt" count="0"/>
      <line num="26" type="stmt" count="0"/>
      <line num="27" type="stmt" count="0"/>
      <line num="28" type="stmt" count="0"/>
      <line num="29" type="stmt" count="0"/>
      <line num="31" type="stmt" count="0"/>
      <line num="32" type="stmt" count="0"/>
      <line num="33" type="stmt" count="0"/>
      <line num="34" type="stmt" count="0"/>
      <line num="35" type="stmt" count="0"/>
      <line num="36" type="stmt" count="0"/>
      <line num="37" type="stmt" count="0"/>
      <line num="38" type="stmt" count="0"/>
      <line num="39" type="stmt" count="0"/>
      <line num="40" type="stmt" count="0"/>
      <metrics loc="41" ncloc="41" classes="0" methods="0" coveredmethods="0" conditionals="0" coveredconditionals="0" statements="31" coveredstatements="0" elements="31" coveredelements="0"/>
    </file>
    <metrics files="7" loc="861" ncloc="618" classes="5" methods="32" coveredmethods="7" conditionals="0" coveredconditionals="0" statements="311" coveredstatements="50" elements="343" coveredelements="57"/>
  </project>
</coverage>
